<?xml version="1.0" encoding="UTF-8"?>
<!-- Generated by org.testng.reporters.JUnitXMLReporter -->
<testsuite ignored="0" hostname="DESKTOP-KJORMHS" failures="0" tests="2" name="Default test" time="2.591" errors="0" timestamp="2023-02-23T10:49:40 CET">
  <testcase classname="ba.com.zira.sdr.test.suites.SongSimilarityDetailRequestValidationTest" name="validateExistsSongSimilarityDetailRequestNotFound" time="0.029"/>
  <testcase classname="ba.com.zira.sdr.test.suites.SongSimilarityDetailRequestValidationTest" name="validateUpdateSongSimilarityDetailRequestNotFound" time="0.003"/>
</testsuite> <!-- Default test -->
