<?xml version="1.0" encoding="UTF-8"?>
<!-- Generated by org.testng.reporters.JUnitXMLReporter -->
<testsuite ignored="2" hostname="DESKTOP-KJORMHS" failures="0" tests="1" name="Default test" time="2.666" errors="0" timestamp="2023-02-26T22:37:33 CET">
  <testcase classname="ba.com.zira.sdr.test.suites.SongSimilarityDetailServiceTest" name="testCreateSongSimilarityDetail" time="0.06"/>
  <testcase classname="ba.com.zira.sdr.test.suites.SongSimilarityDetailServiceTest" name="testDeleteSongSimilarityDetail" time="0.0">
    <ignored/>
  </testcase> <!-- testDeleteSongSimilarityDetail -->
  <testcase classname="ba.com.zira.sdr.test.suites.SongSimilarityDetailServiceTest" name="testFindSongSimilarityDetail" time="0.0">
    <ignored/>
  </testcase> <!-- testFindSongSimilarityDetail -->
</testsuite> <!-- Default test -->
