<?xml version="1.0" encoding="UTF-8"?>
<testng-results ignored="0" total="4" passed="4" failed="0" skipped="0">
  <reporter-output>
  </reporter-output>
  <suite started-at="2023-02-23T18:56:42 CET" name="Default suite" finished-at="2023-02-23T18:56:51 CET" duration-ms="9401">
    <groups>
    </groups>
    <test started-at="2023-02-23T18:56:42 CET" name="Default test" finished-at="2023-02-23T18:56:51 CET" duration-ms="9401">
      <class name="ba.com.zira.sdr.test.suites.SongFftResultRequestValidationTest">
        <test-method is-config="true" signature="springTestContextBeforeTestClass()[pri:0, instance:ba.com.zira.sdr.test.suites.SongFftResultRequestValidationTest@2c4d1ac]" started-at="2023-02-23T18:56:42 CET" name="springTestContextBeforeTestClass" finished-at="2023-02-23T18:56:42 CET" duration-ms="31" status="PASS">
          <reporter-output>
          </reporter-output>
        </test-method> <!-- springTestContextBeforeTestClass -->
        <test-method is-config="true" signature="springTestContextPrepareTestInstance()[pri:0, instance:ba.com.zira.sdr.test.suites.SongFftResultRequestValidationTest@2c4d1ac]" started-at="2023-02-23T18:56:42 CET" name="springTestContextPrepareTestInstance" finished-at="2023-02-23T18:56:50 CET" depends-on-methods="org.springframework.test.context.testng.AbstractTestNGSpringContextTests.springTestContextBeforeTestClass" duration-ms="7607" status="PASS">
          <reporter-output>
          </reporter-output>
        </test-method> <!-- springTestContextPrepareTestInstance -->
        <test-method is-config="true" signature="springTestContextBeforeTestMethod(java.lang.reflect.Method)[pri:0, instance:ba.com.zira.sdr.test.suites.SongFftResultRequestValidationTest@2c4d1ac]" started-at="2023-02-23T18:56:50 CET" name="springTestContextBeforeTestMethod" finished-at="2023-02-23T18:56:50 CET" duration-ms="6" status="PASS">
          <params>
            <param index="0">
              <value>
                <![CDATA[public void ba.com.zira.sdr.test.suites.SongFftResultRequestValidationTest.validateCreateRequestNotValid()]]>
              </value>
            </param>
          </params>
          <reporter-output>
          </reporter-output>
        </test-method> <!-- springTestContextBeforeTestMethod -->
        <test-method is-config="true" signature="beforeMethod()[pri:0, instance:ba.com.zira.sdr.test.suites.SongFftResultRequestValidationTest@2c4d1ac]" started-at="2023-02-23T18:56:50 CET" name="beforeMethod" finished-at="2023-02-23T18:56:51 CET" duration-ms="1576" status="PASS">
          <reporter-output>
          </reporter-output>
        </test-method> <!-- beforeMethod -->
        <test-method signature="validateCreateRequestNotValid()[pri:0, instance:ba.com.zira.sdr.test.suites.SongFftResultRequestValidationTest@2c4d1ac]" started-at="2023-02-23T18:56:51 CET" name="validateCreateRequestNotValid" finished-at="2023-02-23T18:56:51 CET" duration-ms="67" status="PASS">
          <reporter-output>
          </reporter-output>
        </test-method> <!-- validateCreateRequestNotValid -->
        <test-method is-config="true" signature="springTestContextAfterTestMethod(java.lang.reflect.Method)[pri:0, instance:ba.com.zira.sdr.test.suites.SongFftResultRequestValidationTest@2c4d1ac]" started-at="2023-02-23T18:56:51 CET" name="springTestContextAfterTestMethod" finished-at="2023-02-23T18:56:51 CET" duration-ms="3" status="PASS">
          <params>
            <param index="0">
              <value>
                <![CDATA[public void ba.com.zira.sdr.test.suites.SongFftResultRequestValidationTest.validateCreateRequestNotValid()]]>
              </value>
            </param>
          </params>
          <reporter-output>
          </reporter-output>
        </test-method> <!-- springTestContextAfterTestMethod -->
        <test-method is-config="true" signature="springTestContextBeforeTestMethod(java.lang.reflect.Method)[pri:0, instance:ba.com.zira.sdr.test.suites.SongFftResultRequestValidationTest@2c4d1ac]" started-at="2023-02-23T18:56:51 CET" name="springTestContextBeforeTestMethod" finished-at="2023-02-23T18:56:51 CET" duration-ms="2" status="PASS">
          <params>
            <param index="0">
              <value>
                <![CDATA[public void ba.com.zira.sdr.test.suites.SongFftResultRequestValidationTest.validateExistsSongFftResultRequestNotFound()]]>
              </value>
            </param>
          </params>
          <reporter-output>
          </reporter-output>
        </test-method> <!-- springTestContextBeforeTestMethod -->
        <test-method is-config="true" signature="beforeMethod()[pri:0, instance:ba.com.zira.sdr.test.suites.SongFftResultRequestValidationTest@2c4d1ac]" started-at="2023-02-23T18:56:51 CET" name="beforeMethod" finished-at="2023-02-23T18:56:51 CET" duration-ms="0" status="PASS">
          <reporter-output>
          </reporter-output>
        </test-method> <!-- beforeMethod -->
        <test-method signature="validateExistsSongFftResultRequestNotFound()[pri:0, instance:ba.com.zira.sdr.test.suites.SongFftResultRequestValidationTest@2c4d1ac]" started-at="2023-02-23T18:56:51 CET" name="validateExistsSongFftResultRequestNotFound" finished-at="2023-02-23T18:56:51 CET" duration-ms="6" status="PASS">
          <reporter-output>
          </reporter-output>
        </test-method> <!-- validateExistsSongFftResultRequestNotFound -->
        <test-method is-config="true" signature="springTestContextAfterTestMethod(java.lang.reflect.Method)[pri:0, instance:ba.com.zira.sdr.test.suites.SongFftResultRequestValidationTest@2c4d1ac]" started-at="2023-02-23T18:56:51 CET" name="springTestContextAfterTestMethod" finished-at="2023-02-23T18:56:51 CET" duration-ms="1" status="PASS">
          <params>
            <param index="0">
              <value>
                <![CDATA[public void ba.com.zira.sdr.test.suites.SongFftResultRequestValidationTest.validateExistsSongFftResultRequestNotFound()]]>
              </value>
            </param>
          </params>
          <reporter-output>
          </reporter-output>
        </test-method> <!-- springTestContextAfterTestMethod -->
        <test-method is-config="true" signature="springTestContextBeforeTestMethod(java.lang.reflect.Method)[pri:0, instance:ba.com.zira.sdr.test.suites.SongFftResultRequestValidationTest@2c4d1ac]" started-at="2023-02-23T18:56:51 CET" name="springTestContextBeforeTestMethod" finished-at="2023-02-23T18:56:51 CET" duration-ms="1" status="PASS">
          <params>
            <param index="0">
              <value>
                <![CDATA[public void ba.com.zira.sdr.test.suites.SongFftResultRequestValidationTest.validateSongFftResultRequestNotFound()]]>
              </value>
            </param>
          </params>
          <reporter-output>
          </reporter-output>
        </test-method> <!-- springTestContextBeforeTestMethod -->
        <test-method is-config="true" signature="beforeMethod()[pri:0, instance:ba.com.zira.sdr.test.suites.SongFftResultRequestValidationTest@2c4d1ac]" started-at="2023-02-23T18:56:51 CET" name="beforeMethod" finished-at="2023-02-23T18:56:51 CET" duration-ms="1" status="PASS">
          <reporter-output>
          </reporter-output>
        </test-method> <!-- beforeMethod -->
        <test-method signature="validateSongFftResultRequestNotFound()[pri:0, instance:ba.com.zira.sdr.test.suites.SongFftResultRequestValidationTest@2c4d1ac]" started-at="2023-02-23T18:56:51 CET" name="validateSongFftResultRequestNotFound" finished-at="2023-02-23T18:56:51 CET" duration-ms="7" status="PASS">
          <reporter-output>
          </reporter-output>
        </test-method> <!-- validateSongFftResultRequestNotFound -->
        <test-method is-config="true" signature="springTestContextAfterTestMethod(java.lang.reflect.Method)[pri:0, instance:ba.com.zira.sdr.test.suites.SongFftResultRequestValidationTest@2c4d1ac]" started-at="2023-02-23T18:56:51 CET" name="springTestContextAfterTestMethod" finished-at="2023-02-23T18:56:51 CET" duration-ms="1" status="PASS">
          <params>
            <param index="0">
              <value>
                <![CDATA[public void ba.com.zira.sdr.test.suites.SongFftResultRequestValidationTest.validateSongFftResultRequestNotFound()]]>
              </value>
            </param>
          </params>
          <reporter-output>
          </reporter-output>
        </test-method> <!-- springTestContextAfterTestMethod -->
        <test-method is-config="true" signature="springTestContextBeforeTestMethod(java.lang.reflect.Method)[pri:0, instance:ba.com.zira.sdr.test.suites.SongFftResultRequestValidationTest@2c4d1ac]" started-at="2023-02-23T18:56:51 CET" name="springTestContextBeforeTestMethod" finished-at="2023-02-23T18:56:51 CET" duration-ms="2" status="PASS">
          <params>
            <param index="0">
              <value>
                <![CDATA[public void ba.com.zira.sdr.test.suites.SongFftResultRequestValidationTest.validateUpdateSongFftResultRequestNotFound()]]>
              </value>
            </param>
          </params>
          <reporter-output>
          </reporter-output>
        </test-method> <!-- springTestContextBeforeTestMethod -->
        <test-method signature="validateUpdateSongFftResultRequestNotFound()[pri:0, instance:ba.com.zira.sdr.test.suites.SongFftResultRequestValidationTest@2c4d1ac]" started-at="2023-02-23T18:56:51 CET" name="validateUpdateSongFftResultRequestNotFound" finished-at="2023-02-23T18:56:51 CET" duration-ms="5" status="PASS">
          <reporter-output>
          </reporter-output>
        </test-method> <!-- validateUpdateSongFftResultRequestNotFound -->
        <test-method is-config="true" signature="beforeMethod()[pri:0, instance:ba.com.zira.sdr.test.suites.SongFftResultRequestValidationTest@2c4d1ac]" started-at="2023-02-23T18:56:51 CET" name="beforeMethod" finished-at="2023-02-23T18:56:51 CET" duration-ms="0" status="PASS">
          <reporter-output>
          </reporter-output>
        </test-method> <!-- beforeMethod -->
        <test-method is-config="true" signature="springTestContextAfterTestMethod(java.lang.reflect.Method)[pri:0, instance:ba.com.zira.sdr.test.suites.SongFftResultRequestValidationTest@2c4d1ac]" started-at="2023-02-23T18:56:51 CET" name="springTestContextAfterTestMethod" finished-at="2023-02-23T18:56:51 CET" duration-ms="1" status="PASS">
          <params>
            <param index="0">
              <value>
                <![CDATA[public void ba.com.zira.sdr.test.suites.SongFftResultRequestValidationTest.validateUpdateSongFftResultRequestNotFound()]]>
              </value>
            </param>
          </params>
          <reporter-output>
          </reporter-output>
        </test-method> <!-- springTestContextAfterTestMethod -->
        <test-method is-config="true" signature="springTestContextAfterTestClass()[pri:0, instance:ba.com.zira.sdr.test.suites.SongFftResultRequestValidationTest@2c4d1ac]" started-at="2023-02-23T18:56:51 CET" name="springTestContextAfterTestClass" finished-at="2023-02-23T18:56:51 CET" duration-ms="5" status="PASS">
          <reporter-output>
          </reporter-output>
        </test-method> <!-- springTestContextAfterTestClass -->
      </class> <!-- ba.com.zira.sdr.test.suites.SongFftResultRequestValidationTest -->
    </test> <!-- Default test -->
  </suite> <!-- Default suite -->
</testng-results>
