<?xml version="1.0" encoding="UTF-8"?>
<testng-results ignored="3" total="4" passed="1" failed="0" skipped="0">
  <reporter-output>
  </reporter-output>
  <suite started-at="2023-02-26T22:43:07 CET" name="Default suite" finished-at="2023-02-26T22:43:14 CET" duration-ms="6954">
    <groups>
    </groups>
    <test started-at="2023-02-26T22:43:07 CET" name="Default test" finished-at="2023-02-26T22:43:14 CET" duration-ms="6954">
      <class name="ba.com.zira.sdr.test.suites.DeezerIntegrationServiceTest">
        <test-method is-config="true" signature="springTestContextBeforeTestClass()[pri:0, instance:ba.com.zira.sdr.test.suites.DeezerIntegrationServiceTest@2bd08376]" started-at="2023-02-26T22:43:07 CET" name="springTestContextBeforeTestClass" finished-at="2023-02-26T22:43:07 CET" duration-ms="18" status="PASS">
          <reporter-output>
          </reporter-output>
        </test-method> <!-- springTestContextBeforeTestClass -->
        <test-method is-config="true" signature="springTestContextPrepareTestInstance()[pri:0, instance:ba.com.zira.sdr.test.suites.DeezerIntegrationServiceTest@2bd08376]" started-at="2023-02-26T22:43:07 CET" name="springTestContextPrepareTestInstance" finished-at="2023-02-26T22:43:13 CET" depends-on-methods="org.springframework.test.context.testng.AbstractTestNGSpringContextTests.springTestContextBeforeTestClass" duration-ms="5943" status="PASS">
          <reporter-output>
          </reporter-output>
        </test-method> <!-- springTestContextPrepareTestInstance -->
        <test-method is-config="true" signature="springTestContextBeforeTestMethod(java.lang.reflect.Method)[pri:0, instance:ba.com.zira.sdr.test.suites.DeezerIntegrationServiceTest@2bd08376]" started-at="2023-02-26T22:43:13 CET" name="springTestContextBeforeTestMethod" finished-at="2023-02-26T22:43:13 CET" duration-ms="4" status="PASS">
          <params>
            <param index="0">
              <value>
                <![CDATA[public void ba.com.zira.sdr.test.suites.DeezerIntegrationServiceTest.testFindDeezerIntegration()]]>
              </value>
            </param>
          </params>
          <reporter-output>
          </reporter-output>
        </test-method> <!-- springTestContextBeforeTestMethod -->
        <test-method is-config="true" signature="beforeMethod()[pri:0, instance:ba.com.zira.sdr.test.suites.DeezerIntegrationServiceTest@2bd08376]" started-at="2023-02-26T22:43:13 CET" name="beforeMethod" finished-at="2023-02-26T22:43:14 CET" duration-ms="834" status="PASS">
          <reporter-output>
          </reporter-output>
        </test-method> <!-- beforeMethod -->
        <test-method signature="testFindDeezerIntegration()[pri:0, instance:ba.com.zira.sdr.test.suites.DeezerIntegrationServiceTest@2bd08376]" started-at="2023-02-26T22:43:14 CET" name="testFindDeezerIntegration" finished-at="2023-02-26T22:43:14 CET" duration-ms="111" status="PASS">
          <reporter-output>
          </reporter-output>
        </test-method> <!-- testFindDeezerIntegration -->
        <test-method is-config="true" signature="springTestContextAfterTestMethod(java.lang.reflect.Method)[pri:0, instance:ba.com.zira.sdr.test.suites.DeezerIntegrationServiceTest@2bd08376]" started-at="2023-02-26T22:43:14 CET" name="springTestContextAfterTestMethod" finished-at="2023-02-26T22:43:14 CET" duration-ms="2" status="PASS">
          <params>
            <param index="0">
              <value>
                <![CDATA[public void ba.com.zira.sdr.test.suites.DeezerIntegrationServiceTest.testFindDeezerIntegration()]]>
              </value>
            </param>
          </params>
          <reporter-output>
          </reporter-output>
        </test-method> <!-- springTestContextAfterTestMethod -->
        <test-method is-config="true" signature="springTestContextAfterTestClass()[pri:0, instance:ba.com.zira.sdr.test.suites.DeezerIntegrationServiceTest@2bd08376]" started-at="2023-02-26T22:43:14 CET" name="springTestContextAfterTestClass" finished-at="2023-02-26T22:43:14 CET" duration-ms="2" status="PASS">
          <reporter-output>
          </reporter-output>
        </test-method> <!-- springTestContextAfterTestClass -->
      </class> <!-- ba.com.zira.sdr.test.suites.DeezerIntegrationServiceTest -->
    </test> <!-- Default test -->
  </suite> <!-- Default suite -->
</testng-results>
